Change Component Designator: Old Designator=3V3 New Designator=1
Change Component Designator: Old Designator=BAT New Designator=BAT1
Change Component Designator: Old Designator=C1 New Designator=C3
Change Component Designator: Old Designator=C2 New Designator=C4
Change Component Designator: Old Designator=C3 New Designator=C5
Change Component Designator: Old Designator=C4 New Designator=C1
Change Component Designator: Old Designator=C5 New Designator=C2
Change Component Designator: Old Designator=D_BAT New Designator=D_BAT1
Change Component Designator: Old Designator=DOWN New Designator=DOWN1
Change Component Designator: Old Designator=P1 New Designator=P6
Change Component Designator: Old Designator=P? New Designator=P5
Change Component Designator: Old Designator=R1 New Designator=R10
Change Component Designator: Old Designator=R3 New Designator=R1
Change Component Designator: Old Designator=R4 New Designator=R13
Change Component Designator: Old Designator=R5 New Designator=R11
Change Component Designator: Old Designator=R6 New Designator=R12
Change Component Designator: Old Designator=R7 New Designator=R14
Change Component Designator: Old Designator=R8 New Designator=R15
Change Component Designator: Old Designator=R9 New Designator=R5
Change Component Designator: Old Designator=R10 New Designator=R7
Change Component Designator: Old Designator=R11 New Designator=R8
Change Component Designator: Old Designator=R12 New Designator=R3
Change Component Designator: Old Designator=R13 New Designator=R4
Change Component Designator: Old Designator=R14 New Designator=R6
Change Component Designator: Old Designator=R15 New Designator=R9
Change Component Designator: Old Designator=RF New Designator=RF1
Change Component Designator: Old Designator=RT New Designator=RT1
Change Component Designator: Old Designator=S2 New Designator=S5
Change Component Designator: Old Designator=S3 New Designator=S2
Change Component Designator: Old Designator=S4 New Designator=S6
Change Component Designator: Old Designator=S5 New Designator=S3
Change Component Designator: Old Designator=S6 New Designator=S4
Change Component Designator: Old Designator=UART New Designator=UART1
Change Component Designator: Old Designator=USB New Designator=USB1
