Removed Pin From Net: NetName=VBAT Pin=C7-1
Removed Pin From Net: NetName=VBAT Pin=C11-2
Removed Pin From Net: NetName=VBAT Pin=LDO?-3
Removed Pin From Net: NetName=VBAT Pin=P2-2
Removed Pin From Net: NetName=VBAT Pin=PW1-3
Removed Pin From Net: NetName=VBAT Pin=R6-2
Removed Pin From Net: NetName=NetD1_1 Pin=R19-1
Removed Pin From Net: NetName=VBAT Pin=R19-2
Removed Pin From Net: NetName=VBAT Pin=U1-6
Removed Pin From Net: NetName=VBAT Pin=U2-3
Added Component: Designator=R19(RES_0603)
Added Pin To Net: NetName=NetD1_1 Pin=R19-1
Added Pin To Net: NetName=VBAT Pin=R19-2
Change Net Name : Old Net Name=VBAT New Net Name=3V3
Added Pin To Net: NetName=VBAT Pin=C7-1
Added Pin To Net: NetName=VBAT Pin=C11-2
Added Pin To Net: NetName=VBAT Pin=LDO?-3
Added Pin To Net: NetName=VBAT Pin=P2-2
Added Pin To Net: NetName=VBAT Pin=PW1-3
Added Pin To Net: NetName=VBAT Pin=R6-2
Added Pin To Net: NetName=VBAT Pin=U1-6
Added Pin To Net: NetName=VBAT Pin=U2-3
Added Net: Name=VBAT
Added Member To Class: ClassName=STM32F103ZE Member=Component R19 Res1
Added Room: Name=STM32F103ZE
