Removed Pin From Net: NetName=GND Pin=P1-1
Removed Pin From Net: NetName=GND Pin=P1-2
Removed Pin From Net: NetName=PA7 Pin=P1-5
Removed Pin From Net: NetName=PA5 Pin=P1-6
Removed Pin From Net: NetName=GND Pin=P1-7
Removed Pin From Net: NetName=PA4 Pin=P1-12
Removed Pin From Net: NetName=3V3 Pin=P1-15
Removed Pin From Net: NetName=3V3 Pin=P1-16
Removed Pin From Net: NetName=PC4 Pin=P1-18
Removed Pin From Net: NetName=PF11 Pin=P1-20
Removed Pin From Net: NetName=PF13 Pin=P1-21
Removed Pin From Net: NetName=PF12 Pin=P1-22
Removed Pin From Net: NetName=PF15 Pin=P1-23
Removed Pin From Net: NetName=PF14 Pin=P1-24
Removed Pin From Net: NetName=NetD1_1 Pin=R19-1
Removed Pin From Net: NetName=3V3 Pin=R19-2
Removed Member From Class: ClassName=STM32F103ZE Member=P1
Added Component: Designator=P?(HDR2X20_2.54_180)
Added Component: Designator=R19(RES_0603)
Added Pin To Net: NetName=GND Pin=P?-1
Added Pin To Net: NetName=3V3 Pin=P?-3
Added Pin To Net: NetName=NetD1_1 Pin=R19-1
Added Pin To Net: NetName=3V3 Pin=R19-2
Added Pin To Net: NetName=CSN Pin=U1-96
Added Pin To Net: NetName=CE Pin=U1-97
Added Pin To Net: NetName=CS Pin=P?-29
Added Net: Name=CS
Added Pin To Net: NetName=DB0 Pin=P?-2
Added Net: Name=DB0
Added Pin To Net: NetName=DB1 Pin=P?-4
Added Net: Name=DB1
Added Pin To Net: NetName=DB2 Pin=P?-6
Added Net: Name=DB2
Added Pin To Net: NetName=DB3 Pin=P?-8
Added Net: Name=DB3
Added Pin To Net: NetName=DB4 Pin=P?-10
Added Net: Name=DB4
Added Pin To Net: NetName=DB5 Pin=P?-12
Added Net: Name=DB5
Added Pin To Net: NetName=DB6 Pin=P?-14
Added Net: Name=DB6
Added Pin To Net: NetName=DB7 Pin=P?-16
Added Net: Name=DB7
Added Pin To Net: NetName=DB8 Pin=P?-13
Added Net: Name=DB8
Added Pin To Net: NetName=DB9 Pin=P?-15
Added Net: Name=DB9
Added Pin To Net: NetName=DB10 Pin=P?-17
Added Net: Name=DB10
Added Pin To Net: NetName=DB11 Pin=P?-19
Added Net: Name=DB11
Added Pin To Net: NetName=DB12 Pin=P?-21
Added Net: Name=DB12
Added Pin To Net: NetName=DB13 Pin=P?-23
Added Net: Name=DB13
Added Pin To Net: NetName=DB14 Pin=P?-25
Added Net: Name=DB14
Added Pin To Net: NetName=DB15 Pin=P?-27
Added Net: Name=DB15
Added Pin To Net: NetName=F_CS Pin=P?-31
Added Net: Name=F_CS
Added Pin To Net: NetName=LED_A Pin=P?-37
Added Net: Name=LED_A
Added Pin To Net: NetName=PA9 Pin=U1-101
Added Net: Name=PA9
Added Pin To Net: NetName=PA10 Pin=U1-102
Added Net: Name=PA10
Added Pin To Net: NetName=PB0 Pin=U1-46
Added Net: Name=PB0
Added Pin To Net: NetName=PB10 Pin=U1-69
Added Net: Name=PB10
Added Pin To Net: NetName=PC3 Pin=U1-29
Added Net: Name=PC3
Added Pin To Net: NetName=PC5 Pin=U1-45
Added Net: Name=PC5
Added Pin To Net: NetName=PE7 Pin=U1-58
Added Net: Name=PE7
Added Pin To Net: NetName=PE8 Pin=U1-59
Added Net: Name=PE8
Added Pin To Net: NetName=PE9 Pin=U1-60
Added Net: Name=PE9
Added Pin To Net: NetName=PE10 Pin=U1-63
Added Net: Name=PE10
Added Pin To Net: NetName=PE11 Pin=U1-64
Added Net: Name=PE11
Added Pin To Net: NetName=PE12 Pin=U1-65
Added Net: Name=PE12
Added Pin To Net: NetName=PE13 Pin=U1-66
Added Net: Name=PE13
Added Pin To Net: NetName=PE14 Pin=U1-67
Added Net: Name=PE14
Added Pin To Net: NetName=PE15 Pin=U1-68
Added Net: Name=PE15
Added Pin To Net: NetName=PG0 Pin=U1-56
Added Net: Name=PG0
Added Pin To Net: NetName=PG1 Pin=U1-57
Added Net: Name=PG1
Added Pin To Net: NetName=RD Pin=P?-11
Added Net: Name=RD
Added Pin To Net: NetName=REST Pin=P?-33
Added Net: Name=REST
Added Pin To Net: NetName=RS Pin=P?-7
Added Net: Name=RS
Added Pin To Net: NetName=SD_CLK Pin=P?-32
Added Net: Name=SD_CLK
Added Pin To Net: NetName=SD_CS Pin=P?-36
Added Net: Name=SD_CS
Added Pin To Net: NetName=SD_DIN Pin=P?-34
Added Net: Name=SD_DIN
Added Pin To Net: NetName=SD_OUT Pin=P?-30
Added Net: Name=SD_OUT
Added Pin To Net: NetName=T_CLK Pin=P?-18
Added Net: Name=T_CLK
Added Pin To Net: NetName=T_CS Pin=P?-20
Added Net: Name=T_CS
Added Pin To Net: NetName=T_DIN Pin=P?-22
Added Net: Name=T_DIN
Added Pin To Net: NetName=T_IRQ Pin=P?-28
Added Net: Name=T_IRQ
Added Pin To Net: NetName=T_OUT Pin=P?-26
Added Net: Name=T_OUT
Added Pin To Net: NetName=WR Pin=P?-9
Added Net: Name=WR
Added Member To Class: ClassName=STM32F103ZE Member=Component P? HDR2x20_2.54
Added Member To Class: ClassName=STM32F103ZE Member=Component R19 Res1
Added Room: Name=STM32F103ZE
