Removed Pin From Net: NetName=NetD1_1 Pin=R19-1
Removed Pin From Net: NetName=3V3 Pin=R19-2
Removed Pin From Net: NetName=DB10 Pin=U1-50
Removed Pin From Net: NetName=DB9 Pin=U1-54
Removed Pin From Net: NetName=DB7 Pin=U1-55
Removed Pin From Net: NetName=DB8 Pin=U1-56
Removed Pin From Net: NetName=DB6 Pin=U1-57
Removed Pin From Net: NetName=DB5 Pin=U1-59
Removed Pin From Net: NetName=DB4 Pin=U1-63
Added Component: Designator=R19(RES_0603)
Added Pin To Net: NetName=NetD1_1 Pin=R19-1
Added Pin To Net: NetName=3V3 Pin=R19-2
Added Pin To Net: NetName=DB15 Pin=U1-49
Added Pin To Net: NetName=DB14 Pin=U1-50
Added Pin To Net: NetName=DB13 Pin=U1-53
Added Pin To Net: NetName=DB12 Pin=U1-54
Added Pin To Net: NetName=DB11 Pin=U1-55
Added Pin To Net: NetName=DB10 Pin=U1-56
Added Pin To Net: NetName=DB9 Pin=U1-57
Added Pin To Net: NetName=DB7 Pin=U1-58
Added Pin To Net: NetName=DB8 Pin=U1-59
Added Pin To Net: NetName=DB6 Pin=U1-60
Added Pin To Net: NetName=DB5 Pin=U1-63
Added Pin To Net: NetName=DB4 Pin=U1-64
Added Pin To Net: NetName=RD Pin=P?-11
Added Net: Name=RD
Added Pin To Net: NetName=RS Pin=P?-7
Added Net: Name=RS
Added Pin To Net: NetName=T_CLK Pin=P?-18
Added Net: Name=T_CLK
Added Pin To Net: NetName=T_CS Pin=P?-20
Added Net: Name=T_CS
Added Pin To Net: NetName=WR Pin=P?-9
Added Net: Name=WR
Added Member To Class: ClassName=STM32F103ZE Member=Component R19 Res1
Added Room: Name=STM32F103ZE
