Removed Pin From Net: NetName=NetR14_1 Pin=S10-1
Removed Pin From Net: NetName=NetR17_1 Pin=S11-1
Removed Pin From Net: NetName=KEY_OK Pin=S11-2
Removed Pin From Net: NetName=NetR17_1 Pin=S12-1
Removed Pin From Net: NetName=KEY_CENCEL Pin=S12-2
Removed Member From Class: ClassName=STM32F103ZE Member=S10
Added Component: Designator=S11(ButtonTACT_3x6x2.5_180)
Added Component: Designator=S12(ButtonTACT_3x6x2.5_180)
Added Pin To Net: NetName=NetR17_1 Pin=S11-1
Added Pin To Net: NetName=KEY_OK Pin=S11-2
Added Pin To Net: NetName=NetR17_1 Pin=S12-1
Added Pin To Net: NetName=KEY_CENCEL Pin=S12-2
Added Member To Class: ClassName=STM32F103ZE Member=Component C7 Cap_0603
Added Member To Class: ClassName=STM32F103ZE Member=Component C8 Cap_0603
Added Member To Class: ClassName=STM32F103ZE Member=Component R18 Res1
Added Member To Class: ClassName=STM32F103ZE Member=Component R19 Res1
Added Member To Class: ClassName=STM32F103ZE Member=Component S7 MX_SW
Added Member To Class: ClassName=STM32F103ZE Member=Component S11 ButtonTACT_3x6x2.5_180
Added Member To Class: ClassName=STM32F103ZE Member=Component S12 ButtonTACT_3x6x2.5_180
Added Room: Name=STM32F103ZE
