Removed Pin From Net: NetName=NetD1_1 Pin=R19-1
Removed Pin From Net: NetName=3V3 Pin=R19-2
Removed Pin From Net: NetName=KEY_5 Pin=U1-77
Removed Pin From Net: NetName=KEY_6 Pin=U1-78
Removed Pin From Net: NetName=KEY_7 Pin=U1-79
Removed Pin From Net: NetName=KEY_8 Pin=U1-80
Added Component: Designator=R19(RES_0603)
Added Pin To Net: NetName=NetD1_1 Pin=R19-1
Added Pin To Net: NetName=3V3 Pin=R19-2
Added Pin To Net: NetName=KEY_5 Pin=U1-90
Added Pin To Net: NetName=KEY_6 Pin=U1-91
Added Pin To Net: NetName=KEY_7 Pin=U1-92
Added Pin To Net: NetName=KEY_8 Pin=U1-93
Added Pin To Net: NetName=PD8 Pin=U1-77
Added Net: Name=PD8
Added Pin To Net: NetName=PD9 Pin=U1-78
Added Net: Name=PD9
Added Pin To Net: NetName=PD10 Pin=U1-79
Added Net: Name=PD10
Added Pin To Net: NetName=PD11 Pin=U1-80
Added Net: Name=PD11
Added Member To Class: ClassName=STM32F103ZE Member=Component R16 Res1
Added Member To Class: ClassName=STM32F103ZE Member=Component R19 Res1
Added Room: Name=STM32F103ZE
