Removed Pin From Net: NetName=PC4 Pin=P?-20
Removed Pin From Net: NetName=PC1 Pin=P?-33
Removed Pin From Net: NetName=NetD1_1 Pin=R19-1
Removed Pin From Net: NetName=3V3 Pin=R19-2
Removed Pin From Net: NetName=F_CS Pin=U1-28
Removed Pin From Net: NetName=LED_A Pin=U1-45
Added Component: Designator=R19(RES_0603)
Added Pin To Net: NetName=PC4 Pin=P?-22
Added Pin To Net: NetName=PC1 Pin=P?-36
Added Pin To Net: NetName=NetD1_1 Pin=R19-1
Added Pin To Net: NetName=3V3 Pin=R19-2
Added Pin To Net: NetName=LED_A Pin=U1-26
Added Pin To Net: NetName=F_CS Pin=U1-29
Added Pin To Net: NetName=PC2 Pin=P?-33
Added Pin To Net: NetName=PC2 Pin=U1-28
Added Net: Name=PC2
Added Pin To Net: NetName=PC5 Pin=P?-20
Added Pin To Net: NetName=PC5 Pin=U1-45
Added Net: Name=PC5
Added Member To Class: ClassName=STM32F103ZE Member=Component R19 Res1
Added Room: Name=STM32F103ZE
