Removed Pin From Net: NetName=VBAT Pin=C1-1
Removed Pin From Net: NetName=BGND Pin=C1-2
Removed Pin From Net: NetName=BGND Pin=C2-1
Removed Pin From Net: NetName=VUSB Pin=C2-2
Removed Pin From Net: NetName=NetR12_1 Pin=S1-1
Removed Member From Class: ClassName=STM32F103ZE Member=R20
Removed Member From Class: ClassName=STM32F103ZE Member=R21
Change Component DesignItemId : Designator=S5 Old DesignItemId=ButtonTACT_3x6x2.5_180 New DesignItemId=MX_SW-1
Change Component DesignItemId : Designator=S6 Old DesignItemId=ButtonTACT_3x6x2.5_180 New DesignItemId=MX_SW-1
Change Component Footprint: Designator=S5 Old Footprint=ButtonTACT_3x6x2.5_180 New Footprint=MX_SW-1
Change Component Footprint: Designator=S6 Old Footprint=ButtonTACT_3x6x2.5_180 New Footprint=MX_SW-1
Change Component Comment : Designator=S5 Old Comment=ButtonTACT_3x6x2.5_180 New Comment=MX_SW
Change Component Comment : Designator=S6 Old Comment=ButtonTACT_3x6x2.5_180 New Comment=MX_SW
Change Component Designator: OldDesignator=C3 NewDesignator=C11
Change Component Designator: OldDesignator=C4 NewDesignator=C12
Change Component Designator: OldDesignator=C5 NewDesignator=C13
Change Component Designator: OldDesignator=C6 NewDesignator=C1
Change Component Designator: OldDesignator=C7 NewDesignator=C2
Change Component Designator: OldDesignator=C8 NewDesignator=C3
Change Component Designator: OldDesignator=C9 NewDesignator=C4
Change Component Designator: OldDesignator=C10 NewDesignator=C5
Change Component Designator: OldDesignator=C11 NewDesignator=C6
Change Component Designator: OldDesignator=C12 NewDesignator=C9
Change Component Designator: OldDesignator=C13 NewDesignator=C10
Change Component Designator: OldDesignator=P2 NewDesignator=P1
Change Component Designator: OldDesignator=R3 NewDesignator=R6
Change Component Designator: OldDesignator=R4 NewDesignator=R7
Change Component Designator: OldDesignator=R5 NewDesignator=R8
Change Component Designator: OldDesignator=R7 NewDesignator=R9
Change Component Designator: OldDesignator=R8 NewDesignator=R10
Change Component Designator: OldDesignator=R10 NewDesignator=R11
Change Component Designator: OldDesignator=R11 NewDesignator=R13
Change Component Designator: OldDesignator=R12 NewDesignator=R14
Change Component Designator: OldDesignator=R13 NewDesignator=R17
Change Component Designator: OldDesignator=R14 NewDesignator=R3
Change Component Designator: OldDesignator=R15 NewDesignator=R4
Change Component Designator: OldDesignator=R16 NewDesignator=R5
Change Component Designator: OldDesignator=R17 NewDesignator=R12
Change Component Designator: OldDesignator=R18 NewDesignator=R15
Change Component Designator: OldDesignator=R19 NewDesignator=R16
Change Component Designator: OldDesignator=R20 NewDesignator=R18
Change Component Designator: OldDesignator=R21 NewDesignator=R19
Change Component Designator: OldDesignator=S7 NewDesignator=S1
Change Component Designator: OldDesignator=U1 NewDesignator=U2
Change Component Designator: OldDesignator=U2 NewDesignator=U1
Added Component: Designator=C7(CAP_0603)
Added Component: Designator=C8(CAP_0603)
Added Component: Designator=S7(MX_SW-1)
Added Component: Designator=S8(MX_SW-1)
Added Component: Designator=S9(MX_SW-1)
Added Component: Designator=S10(MX_SW-1)
Added Component: Designator=S11(ButtonTACT_3x6x2.5_180)
Added Component: Designator=S12(ButtonTACT_3x6x2.5_180)
Added Pin To Net: NetName=VBAT Pin=C7-1
Added Pin To Net: NetName=BGND Pin=C7-2
Added Pin To Net: NetName=BGND Pin=C8-1
Added Pin To Net: NetName=VUSB Pin=C8-2
Added Pin To Net: NetName=NetR12_1 Pin=S5-1
Added Pin To Net: NetName=NetR12_1 Pin=S6-1
Added Pin To Net: NetName=NetR12_1 Pin=S7-1
Added Pin To Net: NetName=NetR12_1 Pin=S8-1
Added Pin To Net: NetName=NetR12_1 Pin=S9-1
Added Pin To Net: NetName=NetR12_1 Pin=S10-1
Change Net Name : Old Net Name=KEY_CENCEL New Net Name=KEY_5
Change Net Name : Old Net Name=KEY_DOWN New Net Name=KEY_1
Change Net Name : Old Net Name=KEY_LEFT New Net Name=KEY_2
Change Net Name : Old Net Name=KEY_OK New Net Name=KEY_4
Change Net Name : Old Net Name=KEY_RIGHT New Net Name=KEY_3
Change Net Name : Old Net Name=NetC5_2 New Net Name=NetC13_2
Change Net Name : Old Net Name=NetR5_1 New Net Name=NetR8_1
Change Net Name : Old Net Name=NetR12_1 New Net Name=NetR14_1
Added Pin To Net: NetName=KEY_6 Pin=S7-2
Added Net: Name=KEY_6
Added Pin To Net: NetName=KEY_7 Pin=S8-2
Added Net: Name=KEY_7
Added Pin To Net: NetName=KEY_8 Pin=S9-2
Added Net: Name=KEY_8
Added Pin To Net: NetName=KEY_9 Pin=S10-2
Added Net: Name=KEY_9
Added Pin To Net: NetName=KEY_CENCEL Pin=S12-2
Added Net: Name=KEY_CENCEL
Added Pin To Net: NetName=KEY_OK Pin=S11-2
Added Net: Name=KEY_OK
Added Pin To Net: NetName=NetR17_1 Pin=R17-1
Added Pin To Net: NetName=NetR17_1 Pin=S11-1
Added Pin To Net: NetName=NetR17_1 Pin=S12-1
Added Net: Name=NetR17_1
Added Member To Class: ClassName=STM32F103ZE Member=Component R6 Res_0603
Added Member To Class: ClassName=STM32F103ZE Member=Component R9 Res_0603
Added Member To Class: ClassName=STM32F103ZE Member=Component S8 MX_SW
Added Member To Class: ClassName=STM32F103ZE Member=Component S9 MX_SW
Added Member To Class: ClassName=STM32F103ZE Member=Component S10 MX_SW
Added Member To Class: ClassName=STM32F103ZE Member=Component S11 ButtonTACT_3x6x2.5_180
Added Member To Class: ClassName=STM32F103ZE Member=Component S12 ButtonTACT_3x6x2.5_180
Added Room: Name=STM32F103ZE
