Added Component: Designator=BAT1(HDR1X2_2.54_90)
Added Component: Designator=C1(CAP_TAN_D2917)
Added Component: Designator=C2(CAP_0805)
Added Component: Designator=C3(CAP_0603)
Added Component: Designator=C4(CAP_0603)
Added Component: Designator=C5(CAP_0603)
Added Component: Designator=C6(CAP_0603)
Added Component: Designator=C7(CAP_0603)
Added Component: Designator=C8(CAP_0603)
Added Component: Designator=C9(CAP_0603)
Added Component: Designator=C10(CAP_0603)
Added Component: Designator=C11(CAP_0603)
Added Component: Designator=C12(CAP_0603)
Added Component: Designator=C13(CAP_0603)
Added Component: Designator=C14(CAP_0603)
Added Component: Designator=C15(CAP_0603)
Added Component: Designator=C16(CAP_0603)
Added Component: Designator=C17(CAP_0603)
Added Component: Designator=C18(CAP_0603)
Added Component: Designator=C19(CAP_0603)
Added Component: Designator=C20(CAP_0603)
Added Component: Designator=C21(CAP_0603)
Added Component: Designator=D1(LED_0805_RED)
Added Component: Designator=D2(LED_0805_RED)
Added Component: Designator=ING1(LED_0805_RED)
Added Component: Designator=JS1(JoyStick)
Added Component: Designator=JS2(JoyStick)
Added Component: Designator=Mos1(Nmos_SOT23)
Added Component: Designator=OK1(LED_0805_GREEN)
Added Component: Designator=P2(HDR2X27_2.54)
Added Component: Designator=PW1(SwitchSPDT_2.8X6.6_90)
Added Component: Designator=R1(RES_0603)
Added Component: Designator=R2(RES_0603)
Added Component: Designator=R3(RES_0603)
Added Component: Designator=R4(RES_0603)
Added Component: Designator=R5(RES_0603)
Added Component: Designator=R7(RES_0603)
Added Component: Designator=R8(RES_0603)
Added Component: Designator=R10(RES_0603)
Added Component: Designator=R11(RES_0603)
Added Component: Designator=R12(RES_0603)
Added Component: Designator=R13(RES_0603)
Added Component: Designator=R14(RES_0603)
Added Component: Designator=R15(RES_0603)
Added Component: Designator=R16(RES_0603)
Added Component: Designator=R17(RES_0603)
Added Component: Designator=R18(RES_0603)
Added Component: Designator=R19(RES_0603)
Added Component: Designator=R20(RES_0603)
Added Component: Designator=R21(RES_0603)
Added Component: Designator=RF1(nrf24l01_youxin)
Added Component: Designator=RT1(SOT23-5)
Added Component: Designator=S1(ButtonTACT_3x6x2.5_180)
Added Component: Designator=S2(ButtonTACT_3x6x2.5_180)
Added Component: Designator=S3(ButtonTACT_3x6x2.5_180)
Added Component: Designator=S4(ButtonTACT_3x6x2.5_180)
Added Component: Designator=S5(ButtonTACT_3x6x2.5_180)
Added Component: Designator=S6(ButtonTACT_3x6x2.5_180)
Added Component: Designator=S7(ButtonTACT_3x6x2.5_180)
Added Component: Designator=SWD1(HDR1X5_2.54_180)
Added Component: Designator=U1(SOT23-6)
Added Component: Designator=U2(LQFP_P0.5_144)
Added Component: Designator=UART1(HDR1x4_2.54_180)
Added Component: Designator=USART1(HDR1X4_1.27_180)
Added Component: Designator=USB1(USB_Micro-AB)
Added Component: Designator=Y1(XT_5032_2)
Added Pin To Net: NetName=AD_LEFT1 Pin=JS2-5
Added Net: Name=AD_LEFT1
Added Pin To Net: NetName=AD_LEFT2 Pin=JS2-2
Added Net: Name=AD_LEFT2
Added Pin To Net: NetName=AD_RIGHT1 Pin=JS1-5
Added Net: Name=AD_RIGHT1
Added Pin To Net: NetName=AD_RIGHT2 Pin=JS1-2
Added Net: Name=AD_RIGHT2
Added Pin To Net: NetName=B0 Pin=P2-29
Added Net: Name=B0
Added Pin To Net: NetName=B1 Pin=P2-28
Added Net: Name=B1
Added Pin To Net: NetName=B2 Pin=P2-27
Added Net: Name=B2
Added Pin To Net: NetName=B3 Pin=P2-40
Added Pin To Net: NetName=B3 Pin=U2-68
Added Net: Name=B3
Added Pin To Net: NetName=B4 Pin=P2-39
Added Pin To Net: NetName=B4 Pin=U2-67
Added Net: Name=B4
Added Pin To Net: NetName=B5 Pin=P2-38
Added Pin To Net: NetName=B5 Pin=U2-66
Added Net: Name=B5
Added Pin To Net: NetName=B6 Pin=P2-37
Added Pin To Net: NetName=B6 Pin=U2-65
Added Net: Name=B6
Added Pin To Net: NetName=B7 Pin=P2-36
Added Pin To Net: NetName=B7 Pin=U2-64
Added Net: Name=B7
Added Pin To Net: NetName=BAT_V Pin=R3-1
Added Pin To Net: NetName=BAT_V Pin=R4-2
Added Net: Name=BAT_V
Added Pin To Net: NetName=BGND Pin=BAT1-2
Added Pin To Net: NetName=BGND Pin=C1-2
Added Pin To Net: NetName=BGND Pin=C2-1
Added Pin To Net: NetName=BGND Pin=Mos1-S
Added Pin To Net: NetName=BGND Pin=R2-2
Added Pin To Net: NetName=BGND Pin=R5-2
Added Pin To Net: NetName=BGND Pin=U1-2
Added Pin To Net: NetName=BGND Pin=USB1-0
Added Pin To Net: NetName=BGND Pin=USB1-0
Added Pin To Net: NetName=BGND Pin=USB1-0
Added Pin To Net: NetName=BGND Pin=USB1-0
Added Pin To Net: NetName=BGND Pin=USB1-5
Added Net: Name=BGND
Added Pin To Net: NetName=BOOT0 Pin=R18-1
Added Pin To Net: NetName=BOOT0 Pin=U2-138
Added Net: Name=BOOT0
Added Pin To Net: NetName=BOOT1 Pin=R19-1
Added Pin To Net: NetName=BOOT1 Pin=U2-48
Added Net: Name=BOOT1
Added Pin To Net: NetName=CE Pin=RF1-3
Added Net: Name=CE
Added Pin To Net: NetName=CSN Pin=RF1-4
Added Net: Name=CSN
Added Pin To Net: NetName=DCLK Pin=P2-17
Added Pin To Net: NetName=DCLK Pin=U2-45
Added Net: Name=DCLK
Added Pin To Net: NetName=ENABLE Pin=P2-3
Added Pin To Net: NetName=ENABLE Pin=U2-118
Added Net: Name=ENABLE
Added Pin To Net: NetName=G0 Pin=P2-35
Added Net: Name=G0
Added Pin To Net: NetName=G1 Pin=P2-34
Added Net: Name=G1
Added Pin To Net: NetName=G2 Pin=P2-33
Added Pin To Net: NetName=G2 Pin=U2-63
Added Net: Name=G2
Added Pin To Net: NetName=G3 Pin=P2-32
Added Pin To Net: NetName=G3 Pin=U2-60
Added Net: Name=G3
Added Pin To Net: NetName=G4 Pin=P2-31
Added Pin To Net: NetName=G4 Pin=U2-59
Added Net: Name=G4
Added Pin To Net: NetName=G5 Pin=P2-30
Added Pin To Net: NetName=G5 Pin=U2-58
Added Net: Name=G5
Added Pin To Net: NetName=G6 Pin=P2-29
Added Pin To Net: NetName=G6 Pin=U2-57
Added Net: Name=G6
Added Pin To Net: NetName=G7 Pin=P2-28
Added Pin To Net: NetName=G7 Pin=U2-56
Added Net: Name=G7
Added Pin To Net: NetName=GND Pin=C3-1
Added Pin To Net: NetName=GND Pin=C4-1
Added Pin To Net: NetName=GND Pin=C5-1
Added Pin To Net: NetName=GND Pin=C6-2
Added Pin To Net: NetName=GND Pin=C7-2
Added Pin To Net: NetName=GND Pin=C8-2
Added Pin To Net: NetName=GND Pin=C9-2
Added Pin To Net: NetName=GND Pin=C10-2
Added Pin To Net: NetName=GND Pin=C11-2
Added Pin To Net: NetName=GND Pin=C12-2
Added Pin To Net: NetName=GND Pin=C13-1
Added Pin To Net: NetName=GND Pin=C14-1
Added Pin To Net: NetName=GND Pin=C15-2
Added Pin To Net: NetName=GND Pin=C16-2
Added Pin To Net: NetName=GND Pin=C17-2
Added Pin To Net: NetName=GND Pin=C18-2
Added Pin To Net: NetName=GND Pin=C19-2
Added Pin To Net: NetName=GND Pin=C20-2
Added Pin To Net: NetName=GND Pin=C21-2
Added Pin To Net: NetName=GND Pin=D1-2
Added Pin To Net: NetName=GND Pin=JS1-3
Added Pin To Net: NetName=GND Pin=JS1-4
Added Pin To Net: NetName=GND Pin=JS1-8
Added Pin To Net: NetName=GND Pin=JS1-10
Added Pin To Net: NetName=GND Pin=JS2-3
Added Pin To Net: NetName=GND Pin=JS2-4
Added Pin To Net: NetName=GND Pin=JS2-8
Added Pin To Net: NetName=GND Pin=JS2-10
Added Pin To Net: NetName=GND Pin=Mos1-D
Added Pin To Net: NetName=GND Pin=P2-1
Added Pin To Net: NetName=GND Pin=P2-2
Added Pin To Net: NetName=GND Pin=P2-7
Added Pin To Net: NetName=GND Pin=R4-1
Added Pin To Net: NetName=GND Pin=R15-2
Added Pin To Net: NetName=GND Pin=R18-2
Added Pin To Net: NetName=GND Pin=R19-2
Added Pin To Net: NetName=GND Pin=RT1-2
Added Pin To Net: NetName=GND Pin=S7-2
Added Pin To Net: NetName=GND Pin=SWD1-4
Added Pin To Net: NetName=GND Pin=U2-16
Added Pin To Net: NetName=GND Pin=U2-30
Added Pin To Net: NetName=GND Pin=U2-31
Added Pin To Net: NetName=GND Pin=U2-38
Added Pin To Net: NetName=GND Pin=U2-51
Added Pin To Net: NetName=GND Pin=U2-61
Added Pin To Net: NetName=GND Pin=U2-71
Added Pin To Net: NetName=GND Pin=U2-83
Added Pin To Net: NetName=GND Pin=U2-94
Added Pin To Net: NetName=GND Pin=U2-107
Added Pin To Net: NetName=GND Pin=U2-120
Added Pin To Net: NetName=GND Pin=U2-130
Added Pin To Net: NetName=GND Pin=U2-143
Added Pin To Net: NetName=GND Pin=UART1-2
Added Pin To Net: NetName=GND Pin=USART1-2
Added Net: Name=GND
Added Pin To Net: NetName=HSYNC Pin=D2-2
Added Pin To Net: NetName=HSYNC Pin=P2-19
Added Pin To Net: NetName=HSYNC Pin=U2-46
Added Net: Name=HSYNC
Added Pin To Net: NetName=IRQ Pin=RF1-8
Added Net: Name=IRQ
Added Pin To Net: NetName=JOY_LEFT_KEY Pin=JS2-9
Added Pin To Net: NetName=JOY_LEFT_KEY Pin=R11-1
Added Net: Name=JOY_LEFT_KEY
Added Pin To Net: NetName=JOY_RIGHT_KEY Pin=JS1-9
Added Pin To Net: NetName=JOY_RIGHT_KEY Pin=R1-1
Added Net: Name=JOY_RIGHT_KEY
Added Pin To Net: NetName=KEY_CENCEL Pin=S6-2
Added Net: Name=KEY_CENCEL
Added Pin To Net: NetName=KEY_DOWN Pin=S2-2
Added Net: Name=KEY_DOWN
Added Pin To Net: NetName=KEY_LEFT Pin=S3-2
Added Net: Name=KEY_LEFT
Added Pin To Net: NetName=KEY_OK Pin=S5-2
Added Net: Name=KEY_OK
Added Pin To Net: NetName=KEY_RIGHT Pin=S4-2
Added Net: Name=KEY_RIGHT
Added Pin To Net: NetName=KEY_UP Pin=S1-2
Added Net: Name=KEY_UP
Added Pin To Net: NetName=LED_ANODE Pin=P2-37
Added Pin To Net: NetName=LED_ANODE Pin=P2-38
Added Net: Name=LED_ANODE
Added Pin To Net: NetName=LED_CATHHOOE Pin=P2-39
Added Pin To Net: NetName=LED_CATHHOOE Pin=P2-40
Added Net: Name=LED_CATHHOOE
Added Pin To Net: NetName=LED_RESET Pin=P2-18
Added Pin To Net: NetName=LED_RESET Pin=P2-35
Added Pin To Net: NetName=LED_RESET Pin=U2-44
Added Net: Name=LED_RESET
Added Pin To Net: NetName=MISO Pin=RF1-7
Added Net: Name=MISO
Added Pin To Net: NetName=MOSI Pin=RF1-6
Added Net: Name=MOSI
Added Pin To Net: NetName=NC Pin=U2-106
Added Net: Name=NC
Added Pin To Net: NetName=NetC5_2 Pin=C5-2
Added Pin To Net: NetName=NetC5_2 Pin=RT1-4
Added Net: Name=NetC5_2
Added Pin To Net: NetName=NetD1_1 Pin=D1-1
Added Pin To Net: NetName=NetD1_1 Pin=R20-1
Added Net: Name=NetD1_1
Added Pin To Net: NetName=NetD2_1 Pin=D2-1
Added Pin To Net: NetName=NetD2_1 Pin=R21-1
Added Net: Name=NetD2_1
Added Pin To Net: NetName=NetING1_1 Pin=ING1-1
Added Pin To Net: NetName=NetING1_1 Pin=R7-1
Added Net: Name=NetING1_1
Added Pin To Net: NetName=NetING1_2 Pin=ING1-2
Added Pin To Net: NetName=NetING1_2 Pin=U1-1
Added Net: Name=NetING1_2
Added Pin To Net: NetName=NetMos1_G Pin=Mos1-G
Added Pin To Net: NetName=NetMos1_G Pin=R10-1
Added Net: Name=NetMos1_G
Added Pin To Net: NetName=NetOK1_1 Pin=OK1-1
Added Pin To Net: NetName=NetOK1_1 Pin=R8-1
Added Net: Name=NetOK1_1
Added Pin To Net: NetName=NetPW1_1 Pin=PW1-1
Added Pin To Net: NetName=NetPW1_1 Pin=R2-1
Added Net: Name=NetPW1_1
Added Pin To Net: NetName=NetR5_1 Pin=R5-1
Added Pin To Net: NetName=NetR5_1 Pin=U1-6
Added Net: Name=NetR5_1
Added Pin To Net: NetName=NetR12_1 Pin=R12-1
Added Pin To Net: NetName=NetR12_1 Pin=S1-1
Added Pin To Net: NetName=NetR12_1 Pin=S2-1
Added Pin To Net: NetName=NetR12_1 Pin=S3-1
Added Pin To Net: NetName=NetR12_1 Pin=S4-1
Added Net: Name=NetR12_1
Added Pin To Net: NetName=NetR13_1 Pin=R13-1
Added Pin To Net: NetName=NetR13_1 Pin=S5-1
Added Pin To Net: NetName=NetR13_1 Pin=S6-1
Added Net: Name=NetR13_1
Added Pin To Net: NetName=NRST Pin=C12-1
Added Pin To Net: NetName=NRST Pin=R16-1
Added Pin To Net: NetName=NRST Pin=S7-1
Added Pin To Net: NetName=NRST Pin=SWD1-5
Added Pin To Net: NetName=NRST Pin=U2-25
Added Net: Name=NRST
Added Pin To Net: NetName=OSC_IN Pin=C13-2
Added Pin To Net: NetName=OSC_IN Pin=R17-2
Added Pin To Net: NetName=OSC_IN Pin=U2-23
Added Pin To Net: NetName=OSC_IN Pin=Y1-2
Added Net: Name=OSC_IN
Added Pin To Net: NetName=OSC_OUT Pin=C14-2
Added Pin To Net: NetName=OSC_OUT Pin=R17-1
Added Pin To Net: NetName=OSC_OUT Pin=U2-24
Added Pin To Net: NetName=OSC_OUT Pin=Y1-1
Added Net: Name=OSC_OUT
Added Pin To Net: NetName=PA0 Pin=U2-34
Added Net: Name=PA0
Added Pin To Net: NetName=PA1 Pin=U2-35
Added Net: Name=PA1
Added Pin To Net: NetName=PA2 Pin=U2-36
Added Pin To Net: NetName=PA2 Pin=UART1-4
Added Pin To Net: NetName=PA2 Pin=USART1-4
Added Net: Name=PA2
Added Pin To Net: NetName=PA3 Pin=U2-37
Added Pin To Net: NetName=PA3 Pin=UART1-3
Added Pin To Net: NetName=PA3 Pin=USART1-3
Added Net: Name=PA3
Added Pin To Net: NetName=PA4 Pin=P2-12
Added Pin To Net: NetName=PA4 Pin=U2-40
Added Net: Name=PA4
Added Pin To Net: NetName=PA5 Pin=P2-6
Added Pin To Net: NetName=PA5 Pin=U2-41
Added Net: Name=PA5
Added Pin To Net: NetName=PA6 Pin=U2-42
Added Net: Name=PA6
Added Pin To Net: NetName=PA7 Pin=P2-5
Added Pin To Net: NetName=PA7 Pin=U2-43
Added Net: Name=PA7
Added Pin To Net: NetName=PA8 Pin=U2-100
Added Net: Name=PA8
Added Pin To Net: NetName=PA11 Pin=U2-103
Added Net: Name=PA11
Added Pin To Net: NetName=PA12 Pin=U2-104
Added Net: Name=PA12
Added Pin To Net: NetName=PA13 Pin=R14-1
Added Pin To Net: NetName=PA13 Pin=SWD1-2
Added Pin To Net: NetName=PA13 Pin=U2-105
Added Net: Name=PA13
Added Pin To Net: NetName=PA14 Pin=R15-1
Added Pin To Net: NetName=PA14 Pin=SWD1-3
Added Pin To Net: NetName=PA14 Pin=U2-109
Added Net: Name=PA14
Added Pin To Net: NetName=PA15 Pin=U2-110
Added Net: Name=PA15
Added Pin To Net: NetName=PB1 Pin=U2-47
Added Net: Name=PB1
Added Pin To Net: NetName=PB3 Pin=U2-133
Added Net: Name=PB3
Added Pin To Net: NetName=PB4 Pin=U2-134
Added Net: Name=PB4
Added Pin To Net: NetName=PB5 Pin=U2-135
Added Net: Name=PB5
Added Pin To Net: NetName=PB6 Pin=U2-136
Added Net: Name=PB6
Added Pin To Net: NetName=PB7 Pin=U2-137
Added Net: Name=PB7
Added Pin To Net: NetName=PB8 Pin=U2-139
Added Net: Name=PB8
Added Pin To Net: NetName=PB9 Pin=U2-140
Added Net: Name=PB9
Added Pin To Net: NetName=PB10 Pin=U2-69
Added Net: Name=PB10
Added Pin To Net: NetName=PB11 Pin=U2-70
Added Net: Name=PB11
Added Pin To Net: NetName=PB12 Pin=U2-73
Added Net: Name=PB12
Added Pin To Net: NetName=PB13 Pin=U2-74
Added Net: Name=PB13
Added Pin To Net: NetName=PB14 Pin=U2-75
Added Net: Name=PB14
Added Pin To Net: NetName=PB15 Pin=U2-76
Added Net: Name=PB15
Added Pin To Net: NetName=PC0 Pin=U2-26
Added Net: Name=PC0
Added Pin To Net: NetName=PC1 Pin=U2-27
Added Net: Name=PC1
Added Pin To Net: NetName=PC2 Pin=U2-28
Added Net: Name=PC2
Added Pin To Net: NetName=PC3 Pin=U2-29
Added Net: Name=PC3
Added Pin To Net: NetName=PC6 Pin=U2-96
Added Net: Name=PC6
Added Pin To Net: NetName=PC7 Pin=U2-97
Added Net: Name=PC7
Added Pin To Net: NetName=PC8 Pin=U2-98
Added Net: Name=PC8
Added Pin To Net: NetName=PC9 Pin=U2-99
Added Net: Name=PC9
Added Pin To Net: NetName=PC10 Pin=U2-111
Added Net: Name=PC10
Added Pin To Net: NetName=PC11 Pin=U2-112
Added Net: Name=PC11
Added Pin To Net: NetName=PC12 Pin=U2-113
Added Net: Name=PC12
Added Pin To Net: NetName=PC13 Pin=U2-7
Added Net: Name=PC13
Added Pin To Net: NetName=PC14 Pin=U2-8
Added Net: Name=PC14
Added Pin To Net: NetName=PC15 Pin=U2-9
Added Net: Name=PC15
Added Pin To Net: NetName=PD0 Pin=U2-114
Added Net: Name=PD0
Added Pin To Net: NetName=PD1 Pin=U2-115
Added Net: Name=PD1
Added Pin To Net: NetName=PD2 Pin=U2-116
Added Net: Name=PD2
Added Pin To Net: NetName=PD3 Pin=U2-117
Added Net: Name=PD3
Added Pin To Net: NetName=PD5 Pin=U2-119
Added Net: Name=PD5
Added Pin To Net: NetName=PD6 Pin=U2-122
Added Net: Name=PD6
Added Pin To Net: NetName=PD7 Pin=U2-123
Added Net: Name=PD7
Added Pin To Net: NetName=PD8 Pin=U2-77
Added Net: Name=PD8
Added Pin To Net: NetName=PD9 Pin=U2-78
Added Net: Name=PD9
Added Pin To Net: NetName=PD10 Pin=U2-79
Added Net: Name=PD10
Added Pin To Net: NetName=PD11 Pin=U2-80
Added Net: Name=PD11
Added Pin To Net: NetName=PD12 Pin=U2-81
Added Net: Name=PD12
Added Pin To Net: NetName=PD13 Pin=U2-82
Added Net: Name=PD13
Added Pin To Net: NetName=PD14 Pin=U2-85
Added Net: Name=PD14
Added Pin To Net: NetName=PD15 Pin=U2-86
Added Net: Name=PD15
Added Pin To Net: NetName=PE0 Pin=U2-141
Added Net: Name=PE0
Added Pin To Net: NetName=PE1 Pin=U2-142
Added Net: Name=PE1
Added Pin To Net: NetName=PE2 Pin=U2-1
Added Net: Name=PE2
Added Pin To Net: NetName=PE3 Pin=U2-2
Added Net: Name=PE3
Added Pin To Net: NetName=PE4 Pin=U2-3
Added Net: Name=PE4
Added Pin To Net: NetName=PE5 Pin=U2-4
Added Net: Name=PE5
Added Pin To Net: NetName=PE6 Pin=U2-5
Added Net: Name=PE6
Added Pin To Net: NetName=PF0 Pin=U2-10
Added Net: Name=PF0
Added Pin To Net: NetName=PF1 Pin=U2-11
Added Net: Name=PF1
Added Pin To Net: NetName=PF2 Pin=U2-12
Added Net: Name=PF2
Added Pin To Net: NetName=PF3 Pin=U2-13
Added Net: Name=PF3
Added Pin To Net: NetName=PF4 Pin=U2-14
Added Net: Name=PF4
Added Pin To Net: NetName=PF5 Pin=U2-15
Added Net: Name=PF5
Added Pin To Net: NetName=PF6 Pin=U2-18
Added Net: Name=PF6
Added Pin To Net: NetName=PF7 Pin=U2-19
Added Net: Name=PF7
Added Pin To Net: NetName=PF8 Pin=U2-20
Added Net: Name=PF8
Added Pin To Net: NetName=PF9 Pin=U2-21
Added Net: Name=PF9
Added Pin To Net: NetName=PF10 Pin=U2-22
Added Net: Name=PF10
Added Pin To Net: NetName=PF11 Pin=P2-20
Added Pin To Net: NetName=PF11 Pin=U2-49
Added Net: Name=PF11
Added Pin To Net: NetName=PF12 Pin=P2-21
Added Pin To Net: NetName=PF12 Pin=U2-50
Added Net: Name=PF12
Added Pin To Net: NetName=PF13 Pin=P2-22
Added Pin To Net: NetName=PF13 Pin=U2-53
Added Net: Name=PF13
Added Pin To Net: NetName=PF14 Pin=P2-23
Added Pin To Net: NetName=PF14 Pin=U2-54
Added Net: Name=PF14
Added Pin To Net: NetName=PF15 Pin=P2-24
Added Pin To Net: NetName=PF15 Pin=U2-55
Added Net: Name=PF15
Added Pin To Net: NetName=PG2 Pin=U2-87
Added Net: Name=PG2
Added Pin To Net: NetName=PG3 Pin=U2-88
Added Net: Name=PG3
Added Pin To Net: NetName=PG4 Pin=U2-89
Added Net: Name=PG4
Added Pin To Net: NetName=PG5 Pin=U2-90
Added Net: Name=PG5
Added Pin To Net: NetName=PG6 Pin=U2-91
Added Net: Name=PG6
Added Pin To Net: NetName=PG7 Pin=U2-92
Added Net: Name=PG7
Added Pin To Net: NetName=PG8 Pin=U2-93
Added Net: Name=PG8
Added Pin To Net: NetName=PG9 Pin=U2-124
Added Net: Name=PG9
Added Pin To Net: NetName=PG10 Pin=U2-125
Added Net: Name=PG10
Added Pin To Net: NetName=PG11 Pin=U2-126
Added Net: Name=PG11
Added Pin To Net: NetName=PG12 Pin=U2-127
Added Net: Name=PG12
Added Pin To Net: NetName=PG13 Pin=U2-128
Added Net: Name=PG13
Added Pin To Net: NetName=PG14 Pin=U2-129
Added Net: Name=PG14
Added Pin To Net: NetName=PG15 Pin=U2-132
Added Net: Name=PG15
Added Pin To Net: NetName=R0 Pin=P2-27
Added Net: Name=R0
Added Pin To Net: NetName=R1 Pin=P2-26
Added Net: Name=R1
Added Pin To Net: NetName=R2 Pin=P2-25
Added Net: Name=R2
Added Pin To Net: NetName=SCLK Pin=RF1-5
Added Net: Name=SCLK
Added Pin To Net: NetName=STDBY Pin=OK1-2
Added Pin To Net: NetName=STDBY Pin=U1-5
Added Net: Name=STDBY
Added Pin To Net: NetName=VBAT Pin=BAT1-1
Added Pin To Net: NetName=VBAT Pin=C1-1
Added Pin To Net: NetName=VBAT Pin=C3-2
Added Pin To Net: NetName=VBAT Pin=C4-2
Added Pin To Net: NetName=VBAT Pin=C6-1
Added Pin To Net: NetName=VBAT Pin=C7-1
Added Pin To Net: NetName=VBAT Pin=C8-1
Added Pin To Net: NetName=VBAT Pin=C9-1
Added Pin To Net: NetName=VBAT Pin=C10-1
Added Pin To Net: NetName=VBAT Pin=C11-1
Added Pin To Net: NetName=VBAT Pin=C15-1
Added Pin To Net: NetName=VBAT Pin=C16-1
Added Pin To Net: NetName=VBAT Pin=C17-1
Added Pin To Net: NetName=VBAT Pin=C18-1
Added Pin To Net: NetName=VBAT Pin=C19-1
Added Pin To Net: NetName=VBAT Pin=C20-1
Added Pin To Net: NetName=VBAT Pin=C21-1
Added Pin To Net: NetName=VBAT Pin=JS1-1
Added Pin To Net: NetName=VBAT Pin=JS1-6
Added Pin To Net: NetName=VBAT Pin=JS2-1
Added Pin To Net: NetName=VBAT Pin=JS2-6
Added Pin To Net: NetName=VBAT Pin=P2-15
Added Pin To Net: NetName=VBAT Pin=P2-16
Added Pin To Net: NetName=VBAT Pin=PW1-3
Added Pin To Net: NetName=VBAT Pin=R1-2
Added Pin To Net: NetName=VBAT Pin=R3-2
Added Pin To Net: NetName=VBAT Pin=R11-2
Added Pin To Net: NetName=VBAT Pin=R12-2
Added Pin To Net: NetName=VBAT Pin=R13-2
Added Pin To Net: NetName=VBAT Pin=R14-2
Added Pin To Net: NetName=VBAT Pin=R16-2
Added Pin To Net: NetName=VBAT Pin=R20-2
Added Pin To Net: NetName=VBAT Pin=R21-2
Added Pin To Net: NetName=VBAT Pin=RF1-1
Added Pin To Net: NetName=VBAT Pin=RT1-1
Added Pin To Net: NetName=VBAT Pin=RT1-3
Added Pin To Net: NetName=VBAT Pin=RT1-5
Added Pin To Net: NetName=VBAT Pin=SWD1-1
Added Pin To Net: NetName=VBAT Pin=U1-3
Added Pin To Net: NetName=VBAT Pin=U2-6
Added Pin To Net: NetName=VBAT Pin=U2-17
Added Pin To Net: NetName=VBAT Pin=U2-32
Added Pin To Net: NetName=VBAT Pin=U2-33
Added Pin To Net: NetName=VBAT Pin=U2-39
Added Pin To Net: NetName=VBAT Pin=U2-52
Added Pin To Net: NetName=VBAT Pin=U2-62
Added Pin To Net: NetName=VBAT Pin=U2-72
Added Pin To Net: NetName=VBAT Pin=U2-84
Added Pin To Net: NetName=VBAT Pin=U2-95
Added Pin To Net: NetName=VBAT Pin=U2-108
Added Pin To Net: NetName=VBAT Pin=U2-121
Added Pin To Net: NetName=VBAT Pin=U2-131
Added Pin To Net: NetName=VBAT Pin=U2-144
Added Pin To Net: NetName=VBAT Pin=UART1-1
Added Pin To Net: NetName=VBAT Pin=USART1-1
Added Net: Name=VBAT
Added Pin To Net: NetName=VIN Pin=PW1-2
Added Pin To Net: NetName=VIN Pin=R10-2
Added Net: Name=VIN
Added Pin To Net: NetName=VUSB Pin=C2-2
Added Pin To Net: NetName=VUSB Pin=R7-2
Added Pin To Net: NetName=VUSB Pin=R8-2
Added Pin To Net: NetName=VUSB Pin=U1-4
Added Pin To Net: NetName=VUSB Pin=USB1-1
Added Net: Name=VUSB
Added Pin To Net: NetName=X1 Pin=P2-32
Added Net: Name=X1
Added Pin To Net: NetName=X2 Pin=P2-30
Added Net: Name=X2
Added Pin To Net: NetName=Y1 Pin=P2-33
Added Net: Name=Y1
Added Pin To Net: NetName=Y2 Pin=P2-31
Added Net: Name=Y2
Added Class: Name=STM32F103ZE
Added Room: Name=STM32F103ZE
