Removed Pin From Net: NetName=GND Pin=1-2
Removed Pin From Net: NetName=GND Pin=D_BAT1-2
Removed Pin From Net: NetName=PE2 Pin=P1-1
Removed Pin From Net: NetName=PE3 Pin=P1-2
Removed Pin From Net: NetName=PF7 Pin=P1-3
Removed Pin From Net: NetName=PF8 Pin=P1-4
Removed Pin From Net: NetName=PE4 Pin=P1-5
Removed Pin From Net: NetName=PF9 Pin=P1-6
Removed Pin From Net: NetName=PE5 Pin=P1-7
Removed Pin From Net: NetName=PF10 Pin=P1-8
Removed Pin From Net: NetName=PE6 Pin=P1-9
Removed Pin From Net: NetName=VBAT Pin=P1-11
Removed Pin From Net: NetName=PC13 Pin=P1-13
Removed Pin From Net: NetName=PC14 Pin=P1-15
Removed Pin From Net: NetName=JOY_LEFT_KEY Pin=P1-16
Removed Pin From Net: NetName=PC15 Pin=P1-17
Removed Pin From Net: NetName=JOY_RIGHT_KEY Pin=P1-18
Removed Pin From Net: NetName=PF0 Pin=P1-19
Removed Pin From Net: NetName=PC2 Pin=P1-20
Removed Pin From Net: NetName=PF1 Pin=P1-21
Removed Pin From Net: NetName=PC3 Pin=P1-22
Removed Pin From Net: NetName=PF2 Pin=P1-23
Removed Pin From Net: NetName=GND Pin=P1-24
Removed Pin From Net: NetName=PF3 Pin=P1-25
Removed Pin From Net: NetName=GND Pin=P1-26
Removed Pin From Net: NetName=PF4 Pin=P1-27
Removed Pin From Net: NetName=VBAT Pin=P1-28
Removed Pin From Net: NetName=PF5 Pin=P1-29
Removed Pin From Net: NetName=VBAT Pin=P1-30
Removed Pin From Net: NetName=GND Pin=P1-31
Removed Pin From Net: NetName=PA0 Pin=P1-32
Removed Pin From Net: NetName=VBAT Pin=P1-33
Removed Pin From Net: NetName=PA1 Pin=P1-34
Removed Pin From Net: NetName=PF6 Pin=P1-35
Removed Pin From Net: NetName=PA2 Pin=P1-36
Removed Pin From Net: NetName=PA3 Pin=P2-1
Removed Pin From Net: NetName=B4 Pin=P2-2
Removed Pin From Net: NetName=GND Pin=P2-3
Removed Pin From Net: NetName=B5 Pin=P2-4
Removed Pin From Net: NetName=VBAT Pin=P2-5
Removed Pin From Net: NetName=B7 Pin=P2-6
Removed Pin From Net: NetName=LED_RESET Pin=P2-7
Removed Pin From Net: NetName=B6 Pin=P2-8
Removed Pin From Net: NetName=PA5 Pin=P2-9
Removed Pin From Net: NetName=G0 Pin=P2-10
Removed Pin From Net: NetName=PA6 Pin=P2-11
Removed Pin From Net: NetName=G1 Pin=P2-12
Removed Pin From Net: NetName=PA7 Pin=P2-13
Removed Pin From Net: NetName=GND Pin=P2-14
Removed Pin From Net: NetName=PC4 Pin=P2-15
Removed Pin From Net: NetName=VBAT Pin=P2-16
Removed Pin From Net: NetName=PC5 Pin=P2-17
Removed Pin From Net: NetName=G2 Pin=P2-18
Removed Pin From Net: NetName=LED_SIG Pin=P2-19
Removed Pin From Net: NetName=G3 Pin=P2-20
Removed Pin From Net: NetName=PB1 Pin=P2-21
Removed Pin From Net: NetName=G4 Pin=P2-22
Removed Pin From Net: NetName=BOOT1 Pin=P2-23
Removed Pin From Net: NetName=G5 Pin=P2-24
Removed Pin From Net: NetName=B0 Pin=P2-25
Removed Pin From Net: NetName=B1 Pin=P2-27
Removed Pin From Net: NetName=G7 Pin=P2-28
Removed Pin From Net: NetName=GND Pin=P2-29
Removed Pin From Net: NetName=PB10 Pin=P2-30
Removed Pin From Net: NetName=VBAT Pin=P2-31
Removed Pin From Net: NetName=PB11 Pin=P2-32
Removed Pin From Net: NetName=B2 Pin=P2-33
Removed Pin From Net: NetName=B3 Pin=P2-35
Removed Pin From Net: NetName=VBAT Pin=P2-36
Removed Pin From Net: NetName=VBAT Pin=P3-1
Removed Pin From Net: NetName=PG5 Pin=P3-2
Removed Pin From Net: NetName=GND Pin=P3-3
Removed Pin From Net: NetName=PG4 Pin=P3-4
Removed Pin From Net: NetName=NC Pin=P3-5
Removed Pin From Net: NetName=PG3 Pin=P3-6
Removed Pin From Net: NetName=KEY_OK Pin=P3-7
Removed Pin From Net: NetName=PG2 Pin=P3-8
Removed Pin From Net: NetName=KEY_CENCEL Pin=P3-9
Removed Pin From Net: NetName=AD_RIGHT1 Pin=P3-10
Removed Pin From Net: NetName=KEY_RIGHT Pin=P3-11
Removed Pin From Net: NetName=AD_RIGHT2 Pin=P3-12
Removed Pin From Net: NetName=KEY_LEFT Pin=P3-13
Removed Pin From Net: NetName=VBAT Pin=P3-14
Removed Pin From Net: NetName=KEY_DOWN Pin=P3-15
Removed Pin From Net: NetName=GND Pin=P3-16
Removed Pin From Net: NetName=KEY_UP Pin=P3-17
Removed Pin From Net: NetName=PD13 Pin=P3-18
Removed Pin From Net: NetName=AD_LEFT1 Pin=P3-19
Removed Pin From Net: NetName=PD12 Pin=P3-20
Removed Pin From Net: NetName=AD_LEFT2 Pin=P3-21
Removed Pin From Net: NetName=PD11 Pin=P3-22
Removed Pin From Net: NetName=PC7 Pin=P3-23
Removed Pin From Net: NetName=PD10 Pin=P3-24
Removed Pin From Net: NetName=PC6 Pin=P3-25
Removed Pin From Net: NetName=PD9 Pin=P3-26
Removed Pin From Net: NetName=VBAT Pin=P3-27
Removed Pin From Net: NetName=PD8 Pin=P3-28
Removed Pin From Net: NetName=GND Pin=P3-29
Removed Pin From Net: NetName=PB15 Pin=P3-30
Removed Pin From Net: NetName=PG8 Pin=P3-31
Removed Pin From Net: NetName=PB14 Pin=P3-32
Removed Pin From Net: NetName=PG7 Pin=P3-33
Removed Pin From Net: NetName=PB13 Pin=P3-34
Removed Pin From Net: NetName=PG6 Pin=P3-35
Removed Pin From Net: NetName=PB12 Pin=P3-36
Removed Pin From Net: NetName=VBAT Pin=P4-1
Removed Pin From Net: NetName=PG11 Pin=P4-2
Removed Pin From Net: NetName=GND Pin=P4-3
Removed Pin From Net: NetName=PG10 Pin=P4-4
Removed Pin From Net: NetName=PE1 Pin=P4-5
Removed Pin From Net: NetName=PG9 Pin=P4-6
Removed Pin From Net: NetName=PE0 Pin=P4-7
Removed Pin From Net: NetName=PD7 Pin=P4-8
Removed Pin From Net: NetName=PB9 Pin=P4-9
Removed Pin From Net: NetName=PD6 Pin=P4-10
Removed Pin From Net: NetName=PB8 Pin=P4-11
Removed Pin From Net: NetName=VBAT Pin=P4-12
Removed Pin From Net: NetName=GND Pin=P4-14
Removed Pin From Net: NetName=PB7 Pin=P4-15
Removed Pin From Net: NetName=DCLK Pin=P4-16
Removed Pin From Net: NetName=PB6 Pin=P4-17
Removed Pin From Net: NetName=ENABLE Pin=P4-18
Removed Pin From Net: NetName=PB5 Pin=P4-19
Removed Pin From Net: NetName=PD3 Pin=P4-20
Removed Pin From Net: NetName=PB4 Pin=P4-21
Removed Pin From Net: NetName=PD2 Pin=P4-22
Removed Pin From Net: NetName=PB3 Pin=P4-23
Removed Pin From Net: NetName=PD1 Pin=P4-24
Removed Pin From Net: NetName=PG15 Pin=P4-25
Removed Pin From Net: NetName=CE Pin=P4-26
Removed Pin From Net: NetName=VBAT Pin=P4-27
Removed Pin From Net: NetName=CSN Pin=P4-28
Removed Pin From Net: NetName=GND Pin=P4-29
Removed Pin From Net: NetName=PC11 Pin=P4-30
Removed Pin From Net: NetName=PG14 Pin=P4-31
Removed Pin From Net: NetName=MOSI Pin=P4-32
Removed Pin From Net: NetName=PG13 Pin=P4-33
Removed Pin From Net: NetName=MISO Pin=P4-34
Removed Pin From Net: NetName=PG12 Pin=P4-35
Removed Pin From Net: NetName=IRQ Pin=P4-36
Removed Pin From Net: NetName=GND Pin=P5-1
Removed Pin From Net: NetName=VBAT Pin=P5-2
Removed Pin From Net: NetName=OLED_SCLK Pin=P5-3
Removed Pin From Net: NetName=OLED_MOSI Pin=P5-4
Removed Pin From Net: NetName=RES Pin=P5-5
Removed Pin From Net: NetName=DC Pin=P5-6
Removed Pin From Net: NetName=CSN_OLED Pin=P5-7
Removed Pin From Net: NetName=LED_CATHHOOE Pin=P6-1
Removed Pin From Net: NetName=LED_CATHHOOE Pin=P6-2
Removed Pin From Net: NetName=LED_ANODE Pin=P6-3
Removed Pin From Net: NetName=LED_ANODE Pin=P6-4
Removed Pin From Net: NetName=LED_RESET Pin=P6-6
Removed Pin From Net: NetName=Y1 Pin=P6-8
Removed Pin From Net: NetName=Y2 Pin=P6-10
Removed Pin From Net: NetName=B0 Pin=P6-12
Removed Pin From Net: NetName=B1 Pin=P6-13
Removed Pin From Net: NetName=B2 Pin=P6-14
Removed Pin From Net: NetName=B3 Pin=P6-15
Removed Pin From Net: NetName=B4 Pin=P6-16
Removed Pin From Net: NetName=B5 Pin=P6-17
Removed Pin From Net: NetName=B6 Pin=P6-18
Removed Pin From Net: NetName=B7 Pin=P6-19
Removed Pin From Net: NetName=G0 Pin=P6-20
Removed Pin From Net: NetName=G1 Pin=P6-21
Removed Pin From Net: NetName=G2 Pin=P6-22
Removed Pin From Net: NetName=G3 Pin=P6-23
Removed Pin From Net: NetName=G4 Pin=P6-24
Removed Pin From Net: NetName=G5 Pin=P6-25
Removed Pin From Net: NetName=G6 Pin=P6-26
Removed Pin From Net: NetName=G7 Pin=P6-27
Removed Pin From Net: NetName=PG14 Pin=P6-28
Removed Pin From Net: NetName=PG13 Pin=P6-29
Removed Pin From Net: NetName=PG12 Pin=P6-30
Removed Pin From Net: NetName=PG11 Pin=P6-31
Removed Pin From Net: NetName=PG10 Pin=P6-32
Removed Pin From Net: NetName=PG9 Pin=P6-33
Removed Pin From Net: NetName=PD7 Pin=P6-34
Removed Pin From Net: NetName=PD6 Pin=P6-35
Removed Pin From Net: NetName=PA7 Pin=P6-36
Removed Pin From Net: NetName=CSN Pin=P6-37
Removed Pin From Net: NetName=ENABLE Pin=P6-38
Removed Pin From Net: NetName=VBAT Pin=P6-39
Removed Pin From Net: NetName=VBAT Pin=P6-40
Removed Pin From Net: NetName=VBAT Pin=R6-1
Removed Pin From Net: NetName=VBAT Pin=R9-1
Removed Pin From Net: NetName=PC11 Pin=RF1-5
Removed Pin From Net: NetName=IRQ Pin=RF1-8
Removed Pin From Net: NetName=KEY_OK Pin=S5-2
Removed Pin From Net: NetName=JOY_LEFT_KEY Pin=U2-26
Removed Pin From Net: NetName=JOY_RIGHT_KEY Pin=U2-27
Removed Pin From Net: NetName=AD_RIGHT2 Pin=U2-85
Removed Pin From Net: NetName=AD_RIGHT1 Pin=U2-86
Removed Pin From Net: NetName=AD_LEFT2 Pin=U2-98
Removed Pin From Net: NetName=AD_LEFT1 Pin=U2-99
Removed Pin From Net: NetName=KEY_UP Pin=U2-100
Removed Pin From Net: NetName=KEY_RIGHT Pin=U2-103
Removed Pin From Net: NetName=KEY_CENCEL Pin=U2-104
Removed Pin From Net: NetName=MISO Pin=U2-110
Removed Pin From Net: NetName=MOSI Pin=U2-111
Removed Pin From Net: NetName=CSN Pin=U2-113
Removed Pin From Net: NetName=CE Pin=U2-114
Change Component DesignItemId : Designator=P1 Old DesignItemId=HDR2x18_1.27 New DesignItemId=HDR1x7_2.54T
Change Component DesignItemId : Designator=P2 Old DesignItemId=HDR2x18_1.27 New DesignItemId=HDR2X27_1.27
Change Component Footprint: Designator=P1 Old Footprint=HDR2x18_1.27_180 New Footprint=HDR1X7_2.54_180
Change Component Footprint: Designator=P2 Old Footprint=HDR2x18_1.27_180 New Footprint=HDR2X27_1.27
Change Component Comment : Designator=P1 Old Comment=HDR2x18_1.27 New Comment=HDR1x7_2.54
Change Component Comment : Designator=P2 Old Comment=HDR2x18_1.27 New Comment=HDR2X27_1.27
Change Component Designator: OldDesignator=C16 NewDesignator=C17
Change Component Designator: OldDesignator=C17 NewDesignator=C18
Change Component Designator: OldDesignator=C18 NewDesignator=C19
Change Component Designator: OldDesignator=C19 NewDesignator=C20
Change Component Designator: OldDesignator=C20 NewDesignator=C21
Added Component: Designator=C16(CAP_0603)
Added Pin To Net: NetName=VBAT Pin=C16-1
Added Pin To Net: NetName=GND Pin=C16-2
Added Pin To Net: NetName=GND Pin=P1-1
Added Pin To Net: NetName=VBAT Pin=P1-2
Added Pin To Net: NetName=OLED_SCLK Pin=P1-3
Added Pin To Net: NetName=OLED_MOSI Pin=P1-4
Added Pin To Net: NetName=RES Pin=P1-5
Added Pin To Net: NetName=DC Pin=P1-6
Added Pin To Net: NetName=CSN_OLED Pin=P1-7
Added Pin To Net: NetName=LED_CATHHOOE Pin=P2-1
Added Pin To Net: NetName=LED_CATHHOOE Pin=P2-2
Added Pin To Net: NetName=LED_ANODE Pin=P2-3
Added Pin To Net: NetName=LED_ANODE Pin=P2-4
Added Pin To Net: NetName=LED_RESET Pin=P2-6
Added Pin To Net: NetName=Y1 Pin=P2-8
Added Pin To Net: NetName=Y2 Pin=P2-10
Added Pin To Net: NetName=B0 Pin=P2-12
Added Pin To Net: NetName=B1 Pin=P2-13
Added Pin To Net: NetName=B2 Pin=P2-14
Added Pin To Net: NetName=B3 Pin=P2-15
Added Pin To Net: NetName=B4 Pin=P2-16
Added Pin To Net: NetName=B5 Pin=P2-17
Added Pin To Net: NetName=B6 Pin=P2-18
Added Pin To Net: NetName=B7 Pin=P2-19
Added Pin To Net: NetName=G0 Pin=P2-20
Added Pin To Net: NetName=G1 Pin=P2-21
Added Pin To Net: NetName=G2 Pin=P2-22
Added Pin To Net: NetName=G3 Pin=P2-23
Added Pin To Net: NetName=G4 Pin=P2-24
Added Pin To Net: NetName=G5 Pin=P2-25
Added Pin To Net: NetName=G7 Pin=P2-27
Added Pin To Net: NetName=PG14 Pin=P2-28
Added Pin To Net: NetName=LED_RESET Pin=P2-29
Added Pin To Net: NetName=PG13 Pin=P2-29
Added Pin To Net: NetName=PG12 Pin=P2-30
Added Pin To Net: NetName=PG11 Pin=P2-31
Added Pin To Net: NetName=PG10 Pin=P2-32
Added Pin To Net: NetName=PG9 Pin=P2-33
Added Pin To Net: NetName=PD7 Pin=P2-34
Added Pin To Net: NetName=PA5 Pin=P2-35
Added Pin To Net: NetName=PD6 Pin=P2-35
Added Pin To Net: NetName=PA7 Pin=P2-36
Added Pin To Net: NetName=DCLK Pin=P2-38
Added Pin To Net: NetName=ENABLE Pin=P2-38
Added Pin To Net: NetName=GND Pin=P2-39
Added Pin To Net: NetName=VBAT Pin=P2-39
Added Pin To Net: NetName=GND Pin=P2-40
Added Pin To Net: NetName=VBAT Pin=P2-40
Added Pin To Net: NetName=GND Pin=U2-61
Added Pin To Net: NetName=VBAT Pin=U2-62
Change Net Name : Old Net Name=IRQ New Net Name=PA14
Change Net Name : Old Net Name=KEY_OK New Net Name=PA13
Added Pin To Net: NetName=HSYNC Pin=P2-36
Added Pin To Net: NetName=HSYNC Pin=P2-37
Added Pin To Net: NetName=HSYNC Pin=U2-113
Added Net: Name=HSYNC
Added Pin To Net: NetName=IRQ Pin=RF1-8
Added Net: Name=IRQ
Added Pin To Net: NetName=KEY_OK Pin=S5-2
Added Net: Name=KEY_OK
Added Pin To Net: NetName=PA8 Pin=U2-100
Added Net: Name=PA8
Added Pin To Net: NetName=PA11 Pin=U2-103
Added Net: Name=PA11
Added Pin To Net: NetName=PA12 Pin=U2-104
Added Net: Name=PA12
Added Pin To Net: NetName=PA15 Pin=U2-110
Added Net: Name=PA15
Added Pin To Net: NetName=PC0 Pin=U2-26
Added Net: Name=PC0
Added Pin To Net: NetName=PC1 Pin=U2-27
Added Net: Name=PC1
Added Pin To Net: NetName=PC8 Pin=U2-98
Added Net: Name=PC8
Added Pin To Net: NetName=PC9 Pin=U2-99
Added Net: Name=PC9
Added Pin To Net: NetName=PC10 Pin=U2-111
Added Net: Name=PC10
Added Pin To Net: NetName=PD0 Pin=U2-114
Added Net: Name=PD0
Added Pin To Net: NetName=PD14 Pin=U2-85
Added Net: Name=PD14
Added Pin To Net: NetName=PD15 Pin=U2-86
Added Net: Name=PD15
Added Pin To Net: NetName=PE13 Pin=U2-66
Added Net: Name=PE13
Added Pin To Net: NetName=SCLK Pin=RF1-5
Added Net: Name=SCLK
Added Member To Class: ClassName=STM32F103ZE Member=Component BAT1 HDR1x2_2.54
Added Member To Class: ClassName=STM32F103ZE Member=Component C1 Cap_Tan_2917
Added Member To Class: ClassName=STM32F103ZE Member=Component C2 Cap_0805
Added Member To Class: ClassName=STM32F103ZE Member=Component C3 Cap_0603
Added Member To Class: ClassName=STM32F103ZE Member=Component C4 Cap_0603
Added Member To Class: ClassName=STM32F103ZE Member=Component C5 Cap_0603
Added Member To Class: ClassName=STM32F103ZE Member=Component C21 Cap
Added Member To Class: ClassName=STM32F103ZE Member=Component ING1 LED_0805
Added Member To Class: ClassName=STM32F103ZE Member=Component JS1 JoyStick
Added Member To Class: ClassName=STM32F103ZE Member=Component JS2 JoyStick
Added Member To Class: ClassName=STM32F103ZE Member=Component Mos1 MOSFET N
Added Member To Class: ClassName=STM32F103ZE Member=Component OK1 LED_0805
Added Member To Class: ClassName=STM32F103ZE Member=Component P1 HDR1x7_2.54
Added Member To Class: ClassName=STM32F103ZE Member=Component P2 HDR2X27_1.27
Added Member To Class: ClassName=STM32F103ZE Member=Component PW1 SwitchSPDT_2.8x6.6_90
Added Member To Class: ClassName=STM32F103ZE Member=Component R1 Res_0603
Added Member To Class: ClassName=STM32F103ZE Member=Component R2 Res_0603
Added Member To Class: ClassName=STM32F103ZE Member=Component R3 Res_0603
Added Member To Class: ClassName=STM32F103ZE Member=Component R4 Res_0603
Added Member To Class: ClassName=STM32F103ZE Member=Component R5 Res_0603
Added Member To Class: ClassName=STM32F103ZE Member=Component R7 Res_0603
Added Member To Class: ClassName=STM32F103ZE Member=Component R8 Res_0603
Added Member To Class: ClassName=STM32F103ZE Member=Component R10 Res_0603
Added Member To Class: ClassName=STM32F103ZE Member=Component R11 Res_0603
Added Member To Class: ClassName=STM32F103ZE Member=Component R12 Res_0603
Added Member To Class: ClassName=STM32F103ZE Member=Component R13 Res_0603
Added Member To Class: ClassName=STM32F103ZE Member=Component RF1 NRF2401_сепе
Added Member To Class: ClassName=STM32F103ZE Member=Component RT1 RT9193
Added Member To Class: ClassName=STM32F103ZE Member=Component S1 ButtonTACT_3x6x2.5_180
Added Member To Class: ClassName=STM32F103ZE Member=Component S2 ButtonTACT_3x6x2.5_180
Added Member To Class: ClassName=STM32F103ZE Member=Component S3 ButtonTACT_3x6x2.5_180
Added Member To Class: ClassName=STM32F103ZE Member=Component S4 ButtonTACT_3x6x2.5_180
Added Member To Class: ClassName=STM32F103ZE Member=Component S5 ButtonTACT_3x6x2.5_180
Added Member To Class: ClassName=STM32F103ZE Member=Component S6 ButtonTACT_3x6x2.5_180
Added Member To Class: ClassName=STM32F103ZE Member=Component U1 TP4059
Added Member To Class: ClassName=STM32F103ZE Member=Component UART1 HDR1x4_2.54
Added Member To Class: ClassName=STM32F103ZE Member=Component USB1 USB_Micro
