Change Component Designator: Old Designator=C1 New Designator=C7
Change Component Designator: Old Designator=C2 New Designator=C8
Change Component Designator: Old Designator=C3 New Designator=C11
Change Component Designator: Old Designator=C4 New Designator=C12
Change Component Designator: Old Designator=C5 New Designator=C13
Change Component Designator: Old Designator=C6 New Designator=C1
Change Component Designator: Old Designator=C7 New Designator=C2
Change Component Designator: Old Designator=C8 New Designator=C3
Change Component Designator: Old Designator=C9 New Designator=C4
Change Component Designator: Old Designator=C10 New Designator=C5
Change Component Designator: Old Designator=C11 New Designator=C6
Change Component Designator: Old Designator=C12 New Designator=C9
Change Component Designator: Old Designator=C13 New Designator=C10
Change Component Designator: Old Designator=P2 New Designator=P1
Change Component Designator: Old Designator=R3 New Designator=R6
Change Component Designator: Old Designator=R4 New Designator=R7
Change Component Designator: Old Designator=R5 New Designator=R8
Change Component Designator: Old Designator=R7 New Designator=R9
Change Component Designator: Old Designator=R8 New Designator=R10
Change Component Designator: Old Designator=R10 New Designator=R11
Change Component Designator: Old Designator=R11 New Designator=R13
Change Component Designator: Old Designator=R12 New Designator=R14
Change Component Designator: Old Designator=R13 New Designator=R17
Change Component Designator: Old Designator=R14 New Designator=R3
Change Component Designator: Old Designator=R15 New Designator=R4
Change Component Designator: Old Designator=R16 New Designator=R5
Change Component Designator: Old Designator=R17 New Designator=R12
Change Component Designator: Old Designator=R18 New Designator=R15
Change Component Designator: Old Designator=R19 New Designator=R16
Change Component Designator: Old Designator=R20 New Designator=R18
Change Component Designator: Old Designator=R21 New Designator=R19
Change Component Designator: Old Designator=S5 New Designator=S2
Change Component Designator: Old Designator=S6 New Designator=S3
Change Component Designator: Old Designator=S7 New Designator=S1
Change Component Designator: Old Designator=SW? New Designator=SW1
Change Component Designator: Old Designator=SW? New Designator=SW2
Change Component Designator: Old Designator=SW? New Designator=SW3
Change Component Designator: Old Designator=SW? New Designator=SW4
Change Component Designator: Old Designator=U1 New Designator=U2
Change Component Designator: Old Designator=U2 New Designator=U1
